<?xml version="1.0" encoding="UTF-8"?>
<!-- Generated by org.testng.reporters.JUnitXMLReporter -->
<testsuite ignored="0" hostname="DESKTOP-LIQG26Q" failures="2" tests="2" name="Test" time="44.459" errors="0" timestamp="2022-07-08T03:27:15 EDT">
  <testcase classname="allTests.HomePage" name="validateLoginLink" time="1.188">
    <failure type="org.openqa.selenium.ElementClickInterceptedException" message="element click intercepted: Element &amp;lt;div class=&amp;quot;sumome-react-svg-image-container&amp;quot; style=&amp;quot;background-color: rgba(0, 0, 0, 0); fill: rgb(29, 116, 232); padding: 0px; margin: 0px; display: block; width: 100%; height: 100%;&amp;quot;&amp;gt;...&amp;lt;/div&amp;gt; is not clickable at point (769, 368). Other element would receive the click: &amp;lt;div style=&amp;quot;position: absolute; inset: 0px; box-shadow: rgba(0, 0, 0, 0) 0px 0px 0px inset;&amp;quot;&amp;gt;&amp;lt;/div&amp;gt;
  (Session info: chrome=103.0.5060.66)
Build info: version: &amp;apos;4.3.0&amp;apos;, revision: &amp;apos;a4995e2c09*&amp;apos;
System info: host: &amp;apos;DESKTOP-LIQG26Q&amp;apos;, ip: &amp;apos;192.168.0.129&amp;apos;, os.name: &amp;apos;Windows 10&amp;apos;, os.arch: &amp;apos;amd64&amp;apos;, os.version: &amp;apos;10.0&amp;apos;, java.version: &amp;apos;12.0.2&amp;apos;
Driver info: org.openqa.selenium.chrome.ChromeDriver
Command: [649a85c755b6f251ab0c457721e0d2a6, clickElement {id=d9cd70f4-fedc-4dc8-9a88-da263c62e617}]
Capabilities {acceptInsecureCerts: false, browserName: chrome, browserVersion: 103.0.5060.66, chrome: {chromedriverVersion: 103.0.5060.53 (a1711811edd7..., userDataDir: C:\Users\sahap\AppData\Loca...}, goog:chromeOptions: {debuggerAddress: localhost:63345}, networkConnectionEnabled: false, pageLoadStrategy: normal, platformName: WINDOWS, proxy: Proxy(), se:cdp: ws://localhost:63345/devtoo..., se:cdpVersion: 103.0.5060.66, setWindowRect: true, strictFileInteractability: false, timeouts: {implicit: 0, pageLoad: 300000, script: 30000}, unhandledPromptBehavior: dismiss and notify, webauthn:extension:credBlob: true, webauthn:extension:largeBlob: true, webauthn:virtualAuthenticators: true}
Element: [[ChromeDriver: chrome on WINDOWS (649a85c755b6f251ab0c457721e0d2a6)] -&amp;gt; css selector: .sumome-react-svg-image-container]
Session ID: 649a85c755b6f251ab0c457721e0d2a6">
      <![CDATA[org.openqa.selenium.ElementClickInterceptedException: element click intercepted: Element <div class="sumome-react-svg-image-container" style="background-color: rgba(0, 0, 0, 0); fill: rgb(29, 116, 232); padding: 0px; margin: 0px; display: block; width: 100%; height: 100%;">...</div> is not clickable at point (769, 368). Other element would receive the click: <div style="position: absolute; inset: 0px; box-shadow: rgba(0, 0, 0, 0) 0px 0px 0px inset;"></div>
  (Session info: chrome=103.0.5060.66)
Build info: version: '4.3.0', revision: 'a4995e2c09*'
System info: host: 'DESKTOP-LIQG26Q', ip: '192.168.0.129', os.name: 'Windows 10', os.arch: 'amd64', os.version: '10.0', java.version: '12.0.2'
Driver info: org.openqa.selenium.chrome.ChromeDriver
Command: [649a85c755b6f251ab0c457721e0d2a6, clickElement {id=d9cd70f4-fedc-4dc8-9a88-da263c62e617}]
Capabilities {acceptInsecureCerts: false, browserName: chrome, browserVersion: 103.0.5060.66, chrome: {chromedriverVersion: 103.0.5060.53 (a1711811edd7..., userDataDir: C:\Users\sahap\AppData\Loca...}, goog:chromeOptions: {debuggerAddress: localhost:63345}, networkConnectionEnabled: false, pageLoadStrategy: normal, platformName: WINDOWS, proxy: Proxy(), se:cdp: ws://localhost:63345/devtoo..., se:cdpVersion: 103.0.5060.66, setWindowRect: true, strictFileInteractability: false, timeouts: {implicit: 0, pageLoad: 300000, script: 30000}, unhandledPromptBehavior: dismiss and notify, webauthn:extension:credBlob: true, webauthn:extension:largeBlob: true, webauthn:virtualAuthenticators: true}
Element: [[ChromeDriver: chrome on WINDOWS (649a85c755b6f251ab0c457721e0d2a6)] -> css selector: .sumome-react-svg-image-container]
Session ID: 649a85c755b6f251ab0c457721e0d2a6
at org.openqa.selenium.remote.codec.w3c.W3CHttpResponseCodec.createException(W3CHttpResponseCodec.java:200)
at org.openqa.selenium.remote.codec.w3c.W3CHttpResponseCodec.decode(W3CHttpResponseCodec.java:133)
at org.openqa.selenium.remote.codec.w3c.W3CHttpResponseCodec.decode(W3CHttpResponseCodec.java:53)
at org.openqa.selenium.remote.HttpCommandExecutor.execute(HttpCommandExecutor.java:184)
at org.openqa.selenium.remote.service.DriverCommandExecutor.invokeExecute(DriverCommandExecutor.java:167)
at org.openqa.selenium.remote.service.DriverCommandExecutor.execute(DriverCommandExecutor.java:142)
at org.openqa.selenium.remote.RemoteWebDriver.execute(RemoteWebDriver.java:569)
at org.openqa.selenium.remote.RemoteWebElement.execute(RemoteWebElement.java:257)
at org.openqa.selenium.remote.RemoteWebElement.click(RemoteWebElement.java:78)
at pageObject.HomePageObj.closePopup(HomePageObj.java:38)
at pageObject.HomePageObj.<init>(HomePageObj.java:23)
at allTests.HomePage.validateLoginLink(HomePage.java:28)
at java.base/java.util.ArrayList.forEach(ArrayList.java:1540)
... Removed 32 stack frames]]>
    </failure>
  </testcase> <!-- validateLoginLink -->
  <testcase classname="allTests.LoginPage" name="validateUserCred" time="1.124">
    <failure type="org.openqa.selenium.ElementClickInterceptedException" message="element click intercepted: Element &amp;lt;div class=&amp;quot;sumome-react-svg-image-container&amp;quot; style=&amp;quot;background-color: rgba(0, 0, 0, 0); fill: rgb(29, 116, 232); padding: 0px; margin: 0px; display: block; width: 100%; height: 100%;&amp;quot;&amp;gt;...&amp;lt;/div&amp;gt; is not clickable at point (1332, 386). Other element would receive the click: &amp;lt;div style=&amp;quot;position: absolute; inset: 0px; box-shadow: rgba(0, 0, 0, 0) 0px 0px 0px inset;&amp;quot;&amp;gt;&amp;lt;/div&amp;gt;
  (Session info: chrome=103.0.5060.66)
Build info: version: &amp;apos;4.3.0&amp;apos;, revision: &amp;apos;a4995e2c09*&amp;apos;
System info: host: &amp;apos;DESKTOP-LIQG26Q&amp;apos;, ip: &amp;apos;192.168.0.129&amp;apos;, os.name: &amp;apos;Windows 10&amp;apos;, os.arch: &amp;apos;amd64&amp;apos;, os.version: &amp;apos;10.0&amp;apos;, java.version: &amp;apos;12.0.2&amp;apos;
Driver info: org.openqa.selenium.chrome.ChromeDriver
Command: [1c2d6519ad8d3b0487cf198e1a0df24a, clickElement {id=4611b12e-db48-4b69-a815-1311cf3021d2}]
Capabilities {acceptInsecureCerts: false, browserName: chrome, browserVersion: 103.0.5060.66, chrome: {chromedriverVersion: 103.0.5060.53 (a1711811edd7..., userDataDir: C:\Users\sahap\AppData\Loca...}, goog:chromeOptions: {debuggerAddress: localhost:63388}, networkConnectionEnabled: false, pageLoadStrategy: normal, platformName: WINDOWS, proxy: Proxy(), se:cdp: ws://localhost:63388/devtoo..., se:cdpVersion: 103.0.5060.66, setWindowRect: true, strictFileInteractability: false, timeouts: {implicit: 0, pageLoad: 300000, script: 30000}, unhandledPromptBehavior: dismiss and notify, webauthn:extension:credBlob: true, webauthn:extension:largeBlob: true, webauthn:virtualAuthenticators: true}
Element: [[ChromeDriver: chrome on WINDOWS (1c2d6519ad8d3b0487cf198e1a0df24a)] -&amp;gt; css selector: .sumome-react-svg-image-container]
Session ID: 1c2d6519ad8d3b0487cf198e1a0df24a">
      <![CDATA[org.openqa.selenium.ElementClickInterceptedException: element click intercepted: Element <div class="sumome-react-svg-image-container" style="background-color: rgba(0, 0, 0, 0); fill: rgb(29, 116, 232); padding: 0px; margin: 0px; display: block; width: 100%; height: 100%;">...</div> is not clickable at point (1332, 386). Other element would receive the click: <div style="position: absolute; inset: 0px; box-shadow: rgba(0, 0, 0, 0) 0px 0px 0px inset;"></div>
  (Session info: chrome=103.0.5060.66)
Build info: version: '4.3.0', revision: 'a4995e2c09*'
System info: host: 'DESKTOP-LIQG26Q', ip: '192.168.0.129', os.name: 'Windows 10', os.arch: 'amd64', os.version: '10.0', java.version: '12.0.2'
Driver info: org.openqa.selenium.chrome.ChromeDriver
Command: [1c2d6519ad8d3b0487cf198e1a0df24a, clickElement {id=4611b12e-db48-4b69-a815-1311cf3021d2}]
Capabilities {acceptInsecureCerts: false, browserName: chrome, browserVersion: 103.0.5060.66, chrome: {chromedriverVersion: 103.0.5060.53 (a1711811edd7..., userDataDir: C:\Users\sahap\AppData\Loca...}, goog:chromeOptions: {debuggerAddress: localhost:63388}, networkConnectionEnabled: false, pageLoadStrategy: normal, platformName: WINDOWS, proxy: Proxy(), se:cdp: ws://localhost:63388/devtoo..., se:cdpVersion: 103.0.5060.66, setWindowRect: true, strictFileInteractability: false, timeouts: {implicit: 0, pageLoad: 300000, script: 30000}, unhandledPromptBehavior: dismiss and notify, webauthn:extension:credBlob: true, webauthn:extension:largeBlob: true, webauthn:virtualAuthenticators: true}
Element: [[ChromeDriver: chrome on WINDOWS (1c2d6519ad8d3b0487cf198e1a0df24a)] -> css selector: .sumome-react-svg-image-container]
Session ID: 1c2d6519ad8d3b0487cf198e1a0df24a
at org.openqa.selenium.remote.codec.w3c.W3CHttpResponseCodec.createException(W3CHttpResponseCodec.java:200)
at org.openqa.selenium.remote.codec.w3c.W3CHttpResponseCodec.decode(W3CHttpResponseCodec.java:133)
at org.openqa.selenium.remote.codec.w3c.W3CHttpResponseCodec.decode(W3CHttpResponseCodec.java:53)
at org.openqa.selenium.remote.HttpCommandExecutor.execute(HttpCommandExecutor.java:184)
at org.openqa.selenium.remote.service.DriverCommandExecutor.invokeExecute(DriverCommandExecutor.java:167)
at org.openqa.selenium.remote.service.DriverCommandExecutor.execute(DriverCommandExecutor.java:142)
at org.openqa.selenium.remote.RemoteWebDriver.execute(RemoteWebDriver.java:569)
at org.openqa.selenium.remote.RemoteWebElement.execute(RemoteWebElement.java:257)
at org.openqa.selenium.remote.RemoteWebElement.click(RemoteWebElement.java:78)
at pageObject.HomePageObj.closePopup(HomePageObj.java:38)
at pageObject.HomePageObj.<init>(HomePageObj.java:23)
at allTests.LoginPage.validateUserCred(LoginPage.java:38)
at java.base/java.util.ArrayList.forEach(ArrayList.java:1540)
... Removed 32 stack frames]]>
    </failure>
  </testcase> <!-- validateUserCred -->
</testsuite> <!-- Test -->
