<?xml version="1.0" encoding="UTF-8"?>
<!-- Generated by org.testng.reporters.JUnitXMLReporter -->
<testsuite ignored="0" hostname="DESKTOP-LIQG26Q" failures="0" tests="4" name="Validate login Function" time="22.683" errors="0" timestamp="2022-07-11T09:11:28 EDT">
  <testcase classname="allTests.LoginPage" name="validateUserCred" time="0.531"/>
  <testcase classname="allTests.LoginPage" name="validateUserCred" time="0.499"/>
  <testcase classname="allTests.LoginPage" name="validateUserCred" time="0.501"/>
  <testcase classname="allTests.LoginPage" name="validateUserCred" time="0.487"/>
</testsuite> <!-- Validate login Function -->
