<?xml version="1.0" encoding="UTF-8"?>
<!-- Generated by org.testng.reporters.JUnitXMLReporter -->
<testsuite ignored="0" hostname="DESKTOP-LIQG26Q" failures="0" tests="4" name="Validate login Function" time="38.158" errors="0" timestamp="2022-07-10T23:52:21 EDT">
  <testcase classname="allTests.LoginPage" name="validateUserCred" time="0.582"/>
  <testcase classname="allTests.LoginPage" name="validateUserCred" time="0.567"/>
  <testcase classname="allTests.LoginPage" name="validateUserCred" time="0.586"/>
  <testcase classname="allTests.LoginPage" name="validateUserCred" time="0.592"/>
</testsuite> <!-- Validate login Function -->
