<?xml version="1.0" encoding="UTF-8"?>
<testsuite xmlns:xsi="http://www.w3.org/2001/XMLSchema-instance" xsi:noNamespaceSchemaLocation="https://maven.apache.org/surefire/maven-surefire-plugin/xsd/surefire-test-report-3.0.xsd" version="3.0" name="TestSuite" time="39.881" tests="5" errors="0" skipped="0" failures="0">
  <properties>
[...]
</properties>
  <testcase name="validateLoginLink" classname="allTests.HomePage" time="3.791">
    <system-out><![CDATA[Implicit Wait is on. Duration: 5
]]></system-out>
    <system-err><![CDATA[SLF4J: Failed to load class "org.slf4j.impl.StaticLoggerBinder".
SLF4J: Defaulting to no-operation (NOP) logger implementation
SLF4J: See http://www.slf4j.org/codes.html#StaticLoggerBinder for further details.
Starting ChromeDriver 103.0.5060.53 (a1711811edd74ff1cf2150f36ffa3b0dae40b17f-refs/Sbtraanrcth-ihnega dCsh/r5o0m6e0D@r{i#v8e5r3} )1 0o3n. 0p.o5r0t6 05.95431 2(a
1O7n1l1y8 1l1oecdadl7 4fcfo1ncnfe2c1t5i0ofn3s6 fafrae3 ba0ldlaoew4e0db.17
fP-lreeafsse/ bsreaen chh-thtepasd:s///5c0h6r0o@m{e#d8r5i3v}e) ro.nc hproormti u6m0.0o6r9g/
sOencluyr iltoyc-aclo ncsoindneercattiioonnss  faorre  saulglgoewsetdi.on
sP loena skee espeien gh tCthrpsom:eDr/i/vecrh rsoamfeed.ri
ver.chromium.org/security-considerations for suggestions on keeping ChromeDriver safe.
ChrCohmreDorimveeDr rwiavse srt awratse ds tsaurctceeds ssfuuclcleys.sf
ully.
Jul 10, 2022 11:51:47 PM org.openqa.selenium.remote.ProtocolHandshake createSession
INFO: Detected upstream dialect: W3C
Jul 10, 2022 11:51:47 PM org.openqa.selenium.remote.ProtocolHandshake createSession
INFO: Detected upstream dialect: W3C
Jul 10, 2022 11:51:47 PM org.openqa.selenium.devtools.CdpVersionFinder findNearestMatch
INFO: Found exact CDP implementation for version 103
Jul 10, 2022 11:51:47 PM org.openqa.selenium.devtools.CdpVersionFinder findNearestMatch
INFO: Found exact CDP implementation for version 103
]]></system-err>
  </testcase>
  <testcase name="validateUserCred[restricted, restricteduser@gmail.com, 123456789](1)" classname="allTests.LoginPage" time="0.583">
    <system-out><![CDATA[In data provider
]]></system-out>
  </testcase>
  <testcase name="validateUserCred[non-restricted, notrestricteduser@gmail.com, 987654321](2)" classname="allTests.LoginPage" time="0.58"/>
  <testcase name="validateUserCred[restricted, parthasaha@gmail.com, Apple11@](3)" classname="allTests.LoginPage" time="0.583"/>
  <testcase name="validateUserCred[non-restricted, paramasaha@yahoo.com, Apple14@](4)" classname="allTests.LoginPage" time="0.594"/>
</testsuite>