<?xml version="1.0" encoding="UTF-8"?>
<testng-results ignored="0" total="6" passed="6" failed="0" skipped="0">
  <reporter-output>
  </reporter-output>
  <suite started-at="2022-07-11T09:11:05 EDT" name="Suite" finished-at="2022-07-11T09:11:49 EDT" duration-ms="44144">
    <groups>
    </groups>
    <test started-at="2022-07-11T09:11:05 EDT" name="Validate login Function" finished-at="2022-07-11T09:11:28 EDT" duration-ms="22683">
      <class name="allTests.LoginPage">
        <test-method is-config="true" signature="driverSetup()[pri:0, instance:allTests.LoginPage@3bffddff]" started-at="2022-07-11T09:11:05 EDT" name="driverSetup" finished-at="2022-07-11T09:11:25 EDT" duration-ms="19695" status="PASS">
          <reporter-output>
          </reporter-output>
        </test-method> <!-- driverSetup -->
        <test-method signature="validateUserCred(java.lang.String,java.lang.String,java.lang.String)[pri:0, instance:allTests.LoginPage@3bffddff]" started-at="2022-07-11T09:11:26 EDT" name="validateUserCred" data-provider="getUserCredentials" finished-at="2022-07-11T09:11:26 EDT" duration-ms="531" status="PASS">
          <params>
            <param index="0">
              <value>
                <![CDATA[restricted]]>
              </value>
            </param>
            <param index="1">
              <value>
                <![CDATA[restricteduser@gmail.com]]>
              </value>
            </param>
            <param index="2">
              <value>
                <![CDATA[123456789]]>
              </value>
            </param>
          </params>
          <reporter-output>
          </reporter-output>
        </test-method> <!-- validateUserCred -->
        <test-method signature="validateUserCred(java.lang.String,java.lang.String,java.lang.String)[pri:0, instance:allTests.LoginPage@3bffddff]" started-at="2022-07-11T09:11:26 EDT" name="validateUserCred" data-provider="getUserCredentials" finished-at="2022-07-11T09:11:27 EDT" duration-ms="499" status="PASS">
          <params>
            <param index="0">
              <value>
                <![CDATA[non-restricted]]>
              </value>
            </param>
            <param index="1">
              <value>
                <![CDATA[notrestricteduser@gmail.com]]>
              </value>
            </param>
            <param index="2">
              <value>
                <![CDATA[987654321]]>
              </value>
            </param>
          </params>
          <reporter-output>
          </reporter-output>
        </test-method> <!-- validateUserCred -->
        <test-method signature="validateUserCred(java.lang.String,java.lang.String,java.lang.String)[pri:0, instance:allTests.LoginPage@3bffddff]" started-at="2022-07-11T09:11:27 EDT" name="validateUserCred" data-provider="getUserCredentials" finished-at="2022-07-11T09:11:27 EDT" duration-ms="501" status="PASS">
          <params>
            <param index="0">
              <value>
                <![CDATA[restricted]]>
              </value>
            </param>
            <param index="1">
              <value>
                <![CDATA[parthasaha@gmail.com]]>
              </value>
            </param>
            <param index="2">
              <value>
                <![CDATA[Apple11@]]>
              </value>
            </param>
          </params>
          <reporter-output>
          </reporter-output>
        </test-method> <!-- validateUserCred -->
        <test-method signature="validateUserCred(java.lang.String,java.lang.String,java.lang.String)[pri:0, instance:allTests.LoginPage@3bffddff]" started-at="2022-07-11T09:11:27 EDT" name="validateUserCred" data-provider="getUserCredentials" finished-at="2022-07-11T09:11:28 EDT" duration-ms="487" status="PASS">
          <params>
            <param index="0">
              <value>
                <![CDATA[non-restricted]]>
              </value>
            </param>
            <param index="1">
              <value>
                <![CDATA[paramasaha@yahoo.com]]>
              </value>
            </param>
            <param index="2">
              <value>
                <![CDATA[Apple14@]]>
              </value>
            </param>
          </params>
          <reporter-output>
          </reporter-output>
        </test-method> <!-- validateUserCred -->
        <test-method is-config="true" signature="tearDown()[pri:0, instance:allTests.LoginPage@3bffddff]" started-at="2022-07-11T09:11:28 EDT" name="tearDown" finished-at="2022-07-11T09:11:28 EDT" duration-ms="109" status="PASS">
          <reporter-output>
          </reporter-output>
        </test-method> <!-- tearDown -->
      </class> <!-- allTests.LoginPage -->
    </test> <!-- Validate login Function -->
    <test started-at="2022-07-11T09:11:05 EDT" name="Validate Homepage Elements" finished-at="2022-07-11T09:11:49 EDT" duration-ms="44144">
      <class name="allTests.HomePage">
        <test-method is-config="true" signature="driverSetup()[pri:0, instance:allTests.HomePage@314b8f2d]" started-at="2022-07-11T09:11:05 EDT" name="driverSetup" finished-at="2022-07-11T09:11:41 EDT" duration-ms="36237" status="PASS">
          <reporter-output>
          </reporter-output>
        </test-method> <!-- driverSetup -->
        <test-method signature="validateAllContectLink()[pri:0, instance:allTests.HomePage@314b8f2d]" started-at="2022-07-11T09:11:41 EDT" name="validateAllContectLink" finished-at="2022-07-11T09:11:44 EDT" duration-ms="2991" status="PASS">
          <reporter-output>
          </reporter-output>
        </test-method> <!-- validateAllContectLink -->
        <test-method signature="validateLoginLink()[pri:0, instance:allTests.HomePage@314b8f2d]" started-at="2022-07-11T09:11:44 EDT" name="validateLoginLink" finished-at="2022-07-11T09:11:45 EDT" duration-ms="687" status="PASS">
          <reporter-output>
          </reporter-output>
        </test-method> <!-- validateLoginLink -->
        <test-method is-config="true" signature="tearDown()[pri:0, instance:allTests.HomePage@314b8f2d]" started-at="2022-07-11T09:11:45 EDT" name="tearDown" finished-at="2022-07-11T09:11:49 EDT" duration-ms="4193" status="PASS">
          <reporter-output>
          </reporter-output>
        </test-method> <!-- tearDown -->
      </class> <!-- allTests.HomePage -->
    </test> <!-- Validate Homepage Elements -->
  </suite> <!-- Suite -->
</testng-results>
